2026-04-25 23:50:54,201 [INFO] __main__ - 课题搭子自动化脚本启动，每 30 分钟执行一次
2026-04-25 23:50:54,201 [INFO] __main__ - ==================================================
2026-04-25 23:50:54,201 [INFO] __main__ - 开始本轮任务
2026-04-25 23:50:54,201 [INFO] __main__ - ==================================================
2026-04-25 23:50:54,202 [INFO] scraper.keyan_login - 正在登录科研人...
2026-04-25 23:50:54,937 [ERROR] __main__ - 任务异常终止：404 Client Error: Not Found for url: https://keyanpro.com/api/user/login
Traceback (most recent call last):
  File "E:\Google\keyan_spider\keyan_spider\main.py", line 54, in run_once
    session = login_keyan()
  File "E:\Google\keyan_spider\keyan_spider\scraper\keyan_login.py", line 41, in login_keyan
    resp.raise_for_status()
  File "E:\jiqirenxuexi\envs\Z_3_10_bart\lib\site-packages\requests\models.py", line 1021, in raise_for_status
    raise HTTPError(http_error_msg, response=self)
requests.exceptions.HTTPError: 404 Client Error: Not Found for url: https://keyanpro.com/api/user/login
2026-04-25 23:50:54,940 [INFO] __main__ - 本轮任务结束
2026-04-25 23:55:31,699 [INFO] __main__ - 课题搭子自动化脚本启动，每 30 分钟执行一次
2026-04-25 23:55:31,700 [INFO] __main__ - ==================================================
2026-04-25 23:55:31,700 [INFO] __main__ - 开始本轮任务
2026-04-25 23:55:31,700 [INFO] __main__ - ==================================================
2026-04-25 23:55:31,700 [INFO] scraper.keyan_login - 正在登录科研人...
2026-04-25 23:55:32,359 [INFO] scraper.keyan_login - 科研人登录成功
2026-04-25 23:55:33,352 [INFO] scraper.keyan_fetcher - 接口返回 10 条课题（第 1 页）
2026-04-25 23:55:34,203 [INFO] scraper.keyan_fetcher - 接口返回 10 条课题（第 2 页）
2026-04-25 23:55:35,143 [INFO] scraper.keyan_fetcher - 接口返回 10 条课题（第 3 页）
2026-04-25 23:55:36,040 [INFO] scraper.keyan_fetcher - 接口返回 10 条课题（第 4 页）
2026-04-25 23:55:36,882 [INFO] scraper.keyan_fetcher - 接口返回 10 条课题（第 5 页）
2026-04-25 23:55:37,729 [INFO] scraper.keyan_fetcher - 接口返回 10 条课题（第 6 页）
2026-04-25 23:55:38,577 [INFO] scraper.keyan_fetcher - 接口返回 10 条课题（第 7 页）
2026-04-25 23:55:39,431 [INFO] scraper.keyan_fetcher - 接口返回 10 条课题（第 8 页）
2026-04-25 23:55:40,309 [INFO] scraper.keyan_fetcher - 接口返回 10 条课题（第 9 页）
2026-04-25 23:55:41,165 [INFO] scraper.keyan_fetcher - 接口返回 10 条课题（第 10 页）
2026-04-25 23:55:41,967 [INFO] scraper.keyan_fetcher - 接口返回 10 条课题（第 11 页）
2026-04-25 23:55:42,816 [INFO] scraper.keyan_fetcher - 接口返回 10 条课题（第 12 页）
2026-04-25 23:55:43,608 [INFO] scraper.keyan_fetcher - 接口返回 10 条课题（第 13 页）
2026-04-25 23:55:44,476 [INFO] scraper.keyan_fetcher - 接口返回 10 条课题（第 14 页）
2026-04-25 23:55:45,330 [INFO] scraper.keyan_fetcher - 接口返回 10 条课题（第 15 页）
2026-04-25 23:55:46,134 [INFO] scraper.keyan_fetcher - 接口返回 10 条课题（第 16 页）
2026-04-25 23:55:46,953 [INFO] scraper.keyan_fetcher - 接口返回 10 条课题（第 17 页）
2026-04-25 23:55:47,877 [INFO] scraper.keyan_fetcher - 接口返回 10 条课题（第 18 页）
2026-04-25 23:55:48,736 [INFO] scraper.keyan_fetcher - 接口返回 10 条课题（第 19 页）
2026-04-25 23:55:49,547 [INFO] scraper.keyan_fetcher - 接口返回 10 条课题（第 20 页）
2026-04-25 23:55:50,348 [INFO] scraper.keyan_fetcher - 接口返回 10 条课题（第 21 页）
2026-04-25 23:55:51,222 [INFO] scraper.keyan_fetcher - 接口返回 10 条课题（第 22 页）
2026-04-25 23:55:52,102 [INFO] scraper.keyan_fetcher - 接口返回 10 条课题（第 23 页）
2026-04-25 23:55:52,944 [INFO] scraper.keyan_fetcher - 接口返回 10 条课题（第 24 页）
2026-04-25 23:55:53,800 [INFO] scraper.keyan_fetcher - 接口返回 10 条课题（第 25 页）
2026-04-25 23:55:54,689 [INFO] scraper.keyan_fetcher - 接口返回 10 条课题（第 26 页）
2026-04-25 23:55:55,569 [INFO] scraper.keyan_fetcher - 接口返回 10 条课题（第 27 页）
2026-04-25 23:55:56,394 [INFO] scraper.keyan_fetcher - 接口返回 10 条课题（第 28 页）
2026-04-25 23:55:57,195 [INFO] scraper.keyan_fetcher - 接口返回 10 条课题（第 29 页）
2026-04-25 23:55:58,419 [INFO] scraper.keyan_fetcher - 接口返回 10 条课题（第 30 页）
2026-04-25 23:55:59,343 [INFO] scraper.keyan_fetcher - 接口返回 10 条课题（第 31 页）
2026-04-25 23:56:00,188 [INFO] scraper.keyan_fetcher - 接口返回 10 条课题（第 32 页）
2026-04-25 23:56:01,049 [INFO] scraper.keyan_fetcher - 接口返回 10 条课题（第 33 页）
2026-04-25 23:56:02,117 [INFO] scraper.keyan_fetcher - 接口返回 10 条课题（第 34 页）
2026-04-25 23:56:03,004 [INFO] scraper.keyan_fetcher - 接口返回 10 条课题（第 35 页）
2026-04-25 23:56:04,137 [INFO] scraper.keyan_fetcher - 接口返回 10 条课题（第 36 页）
2026-04-25 23:56:05,011 [INFO] scraper.keyan_fetcher - 接口返回 10 条课题（第 37 页）
2026-04-25 23:56:05,852 [INFO] scraper.keyan_fetcher - 接口返回 10 条课题（第 38 页）
2026-04-25 23:56:06,675 [INFO] scraper.keyan_fetcher - 接口返回 10 条课题（第 39 页）
2026-04-25 23:56:07,524 [INFO] scraper.keyan_fetcher - 接口返回 10 条课题（第 40 页）
2026-04-25 23:56:08,373 [INFO] scraper.keyan_fetcher - 接口返回 10 条课题（第 41 页）
2026-04-25 23:56:09,232 [INFO] scraper.keyan_fetcher - 接口返回 10 条课题（第 42 页）
2026-04-25 23:56:10,091 [INFO] scraper.keyan_fetcher - 接口返回 10 条课题（第 43 页）
2026-04-25 23:56:10,931 [INFO] scraper.keyan_fetcher - 接口返回 10 条课题（第 44 页）
2026-04-25 23:56:11,834 [INFO] scraper.keyan_fetcher - 接口返回 10 条课题（第 45 页）
2026-04-25 23:56:12,692 [INFO] scraper.keyan_fetcher - 接口返回 10 条课题（第 46 页）
2026-04-25 23:56:13,536 [INFO] scraper.keyan_fetcher - 接口返回 10 条课题（第 47 页）
2026-04-25 23:56:14,431 [INFO] scraper.keyan_fetcher - 接口返回 10 条课题（第 48 页）
2026-04-25 23:56:15,280 [INFO] scraper.keyan_fetcher - 接口返回 10 条课题（第 49 页）
2026-04-25 23:56:16,106 [INFO] scraper.keyan_fetcher - 接口返回 10 条课题（第 50 页）
2026-04-25 23:56:16,977 [INFO] scraper.keyan_fetcher - 接口返回 10 条课题（第 51 页）
2026-04-25 23:56:17,784 [INFO] scraper.keyan_fetcher - 接口返回 10 条课题（第 52 页）
2026-04-25 23:56:18,732 [INFO] scraper.keyan_fetcher - 接口返回 10 条课题（第 53 页）
2026-04-25 23:56:19,582 [INFO] scraper.keyan_fetcher - 接口返回 10 条课题（第 54 页）
2026-04-25 23:56:20,411 [INFO] scraper.keyan_fetcher - 接口返回 10 条课题（第 55 页）
2026-04-25 23:56:21,259 [INFO] scraper.keyan_fetcher - 接口返回 10 条课题（第 56 页）
2026-04-25 23:56:22,083 [INFO] scraper.keyan_fetcher - 接口返回 10 条课题（第 57 页）
2026-04-25 23:56:22,948 [INFO] scraper.keyan_fetcher - 接口返回 10 条课题（第 58 页）
2026-04-25 23:56:23,806 [INFO] scraper.keyan_fetcher - 接口返回 10 条课题（第 59 页）
2026-04-25 23:56:24,793 [INFO] scraper.keyan_fetcher - 接口返回 10 条课题（第 60 页）
2026-04-25 23:56:25,616 [INFO] scraper.keyan_fetcher - 接口返回 10 条课题（第 61 页）
2026-04-25 23:56:26,473 [INFO] scraper.keyan_fetcher - 接口返回 10 条课题（第 62 页）
2026-04-25 23:56:27,281 [INFO] scraper.keyan_fetcher - 接口返回 10 条课题（第 63 页）
2026-04-25 23:56:28,113 [INFO] scraper.keyan_fetcher - 接口返回 10 条课题（第 64 页）
2026-04-25 23:56:29,002 [INFO] scraper.keyan_fetcher - 接口返回 10 条课题（第 65 页）
2026-04-25 23:56:29,796 [INFO] __main__ - 本轮任务结束
2026-04-26 00:00:22,462 [INFO] __main__ - 课题搭子自动化脚本启动，每 30 分钟执行一次
2026-04-26 00:00:22,462 [INFO] __main__ - ==================================================
2026-04-26 00:00:22,462 [INFO] __main__ - 开始本轮任务
2026-04-26 00:00:22,462 [INFO] __main__ - ==================================================
2026-04-26 00:00:22,462 [INFO] scraper.keyan_login - 正在登录科研人...
2026-04-26 00:00:23,143 [INFO] scraper.keyan_login - 科研人登录成功
2026-04-26 00:00:24,134 [INFO] scraper.keyan_fetcher - 接口返回 10 条课题（第 1 页）
2026-04-26 00:00:24,136 [INFO] scraper.keyan_fetcher - 共抓取 10 条课题
2026-04-26 00:00:24,136 [INFO] __main__ - 共抓取 10 条，新增待写入 10 条
2026-04-26 00:00:26,097 [ERROR] __main__ - 任务异常终止：BrowserType.launch: Executable doesn't exist at C:\Users\ZLJ\AppData\Local\ms-playwright\chromium-1117\chrome-win\chrome.exe
╔════════════════════════════════════════════════════════════╗
║ Looks like Playwright was just installed or updated.       ║
║ Please run the following command to download new browsers: ║
║                                                            ║
║     playwright install                                     ║
║                                                            ║
║ <3 Playwright Team                                         ║
╚════════════════════════════════════════════════════════════╝
Traceback (most recent call last):
  File "E:\Google\keyan_spider\keyan_spider\main.py", line 80, in run_once
    uploader.start()
  File "E:\Google\keyan_spider\keyan_spider\uploader\topic_uploader.py", line 44, in start
    self._browser = self._pw.chromium.launch(headless=BROWSER_HEADLESS)
  File "E:\jiqirenxuexi\envs\Z_3_10_bart\lib\site-packages\playwright\sync_api\_generated.py", line 13991, in launch
    self._sync(
  File "E:\jiqirenxuexi\envs\Z_3_10_bart\lib\site-packages\playwright\_impl\_sync_base.py", line 115, in _sync
    return task.result()
  File "E:\jiqirenxuexi\envs\Z_3_10_bart\lib\site-packages\playwright\_impl\_browser_type.py", line 94, in launch
    Browser, from_channel(await self._channel.send("launch", params))
  File "E:\jiqirenxuexi\envs\Z_3_10_bart\lib\site-packages\playwright\_impl\_connection.py", line 59, in send
    return await self._connection.wrap_api_call(
  File "E:\jiqirenxuexi\envs\Z_3_10_bart\lib\site-packages\playwright\_impl\_connection.py", line 514, in wrap_api_call
    raise rewrite_error(error, f"{parsed_st['apiName']}: {error}") from None
playwright._impl._errors.Error: BrowserType.launch: Executable doesn't exist at C:\Users\ZLJ\AppData\Local\ms-playwright\chromium-1117\chrome-win\chrome.exe
╔════════════════════════════════════════════════════════════╗
║ Looks like Playwright was just installed or updated.       ║
║ Please run the following command to download new browsers: ║
║                                                            ║
║     playwright install                                     ║
║                                                            ║
║ <3 Playwright Team                                         ║
╚════════════════════════════════════════════════════════════╝
2026-04-26 00:00:26,110 [INFO] __main__ - 本轮任务结束
2026-04-26 00:07:24,078 [INFO] __main__ - 课题搭子自动化脚本启动，每 30 分钟执行一次
2026-04-26 00:07:24,078 [INFO] __main__ - ==================================================
2026-04-26 00:07:24,078 [INFO] __main__ - 开始本轮任务
2026-04-26 00:07:24,078 [INFO] __main__ - ==================================================
2026-04-26 00:07:24,078 [INFO] scraper.keyan_login - 正在登录科研人...
2026-04-26 00:07:24,702 [INFO] scraper.keyan_login - 科研人登录成功
2026-04-26 00:07:25,720 [INFO] scraper.keyan_fetcher - 接口返回 10 条课题（第 1 页）
2026-04-26 00:07:25,720 [INFO] scraper.keyan_fetcher - 共抓取 10 条课题
2026-04-26 00:07:25,720 [INFO] __main__ - 共抓取 10 条，新增待写入 10 条
2026-04-26 00:07:27,934 [INFO] uploader.topic_uploader - 正在打开课题搭子后台...
2026-04-26 00:07:56,474 [ERROR] __main__ - 任务异常终止：Locator.fill: Target page, context or browser has been closed
Call log:
waiting for get_by_label("用户名")
Traceback (most recent call last):
  File "E:\Google\keyan_spider\keyan_spider\main.py", line 80, in run_once
    uploader.start()
  File "E:\Google\keyan_spider\keyan_spider\uploader\topic_uploader.py", line 46, in start
    self._login()
  File "E:\Google\keyan_spider\keyan_spider\uploader\topic_uploader.py", line 64, in _login
    page.get_by_label("用户名").fill(BACKEND_USER)
  File "E:\jiqirenxuexi\envs\Z_3_10_bart\lib\site-packages\playwright\sync_api\_generated.py", line 15276, in fill
    self._sync(
  File "E:\jiqirenxuexi\envs\Z_3_10_bart\lib\site-packages\playwright\_impl\_sync_base.py", line 115, in _sync
    return task.result()
  File "E:\jiqirenxuexi\envs\Z_3_10_bart\lib\site-packages\playwright\_impl\_locator.py", line 208, in fill
    return await self._frame.fill(self._selector, strict=True, **params)
  File "E:\jiqirenxuexi\envs\Z_3_10_bart\lib\site-packages\playwright\_impl\_frame.py", line 527, in fill
    await self._channel.send("fill", locals_to_params(locals()))
  File "E:\jiqirenxuexi\envs\Z_3_10_bart\lib\site-packages\playwright\_impl\_connection.py", line 59, in send
    return await self._connection.wrap_api_call(
  File "E:\jiqirenxuexi\envs\Z_3_10_bart\lib\site-packages\playwright\_impl\_connection.py", line 514, in wrap_api_call
    raise rewrite_error(error, f"{parsed_st['apiName']}: {error}") from None
playwright._impl._errors.TargetClosedError: Locator.fill: Target page, context or browser has been closed
Call log:
waiting for get_by_label("用户名")

2026-04-26 00:07:56,887 [INFO] __main__ - 本轮任务结束
2026-04-26 00:23:09,125 [INFO] __main__ - 课题搭子自动化脚本启动，每 30 分钟执行一次
2026-04-26 00:23:09,125 [INFO] __main__ - ==================================================
2026-04-26 00:23:09,125 [INFO] __main__ - 开始本轮任务
2026-04-26 00:23:09,125 [INFO] __main__ - ==================================================
2026-04-26 00:23:09,125 [INFO] scraper.keyan_login - 正在登录科研人...
2026-04-26 00:23:09,721 [INFO] scraper.keyan_login - 科研人登录成功
2026-04-26 00:23:10,684 [INFO] scraper.keyan_fetcher - 接口返回 10 条课题（第 1 页）
2026-04-26 00:23:10,685 [INFO] scraper.keyan_fetcher - 共抓取 10 条课题
2026-04-26 00:23:10,685 [INFO] __main__ - 共抓取 10 条，新增待写入 10 条
2026-04-26 00:23:12,108 [INFO] uploader.topic_uploader - 正在打开课题搭子后台...
2026-04-26 00:23:12,903 [INFO] uploader.topic_uploader - 后台登录成功
2026-04-26 00:23:12,903 [INFO] uploader.topic_uploader - 开始提交课题：中华人民共和国工业和信息化部关于重点新材料研发及应用国家科技重大专项2026年度第二批项目申报指南征求意见的通知
2026-04-26 00:23:15,355 [INFO] uploader.topic_uploader - ✅ 提交成功：中华人民共和国工业和信息化部关于重点新材料研发及应用国家科技重大专项2026年度第二批项目申报指南征求意见的通知
2026-04-26 00:23:15,356 [INFO] uploader.topic_uploader - 开始提交课题：中国国家航天局日地L5太阳探测工程“羲和二号”国际合作机遇公告
2026-04-26 00:23:17,783 [INFO] uploader.topic_uploader - ✅ 提交成功：中国国家航天局日地L5太阳探测工程“羲和二号”国际合作机遇公告
2026-04-26 00:23:17,784 [INFO] uploader.topic_uploader - 开始提交课题：财政部资产评估中心2026年度第二批研究课题征集公告
2026-04-26 00:23:20,298 [INFO] uploader.topic_uploader - ✅ 提交成功：财政部资产评估中心2026年度第二批研究课题征集公告
2026-04-26 00:23:20,298 [INFO] uploader.topic_uploader - 开始提交课题：高端工程机械智能制造全国重点实验室2026年度开放课题申报通知
2026-04-26 00:23:22,692 [INFO] uploader.topic_uploader - ✅ 提交成功：高端工程机械智能制造全国重点实验室2026年度开放课题申报通知
2026-04-26 00:23:22,694 [INFO] uploader.topic_uploader - 开始提交课题：凝固技术全国重点实验室2026年度开放课题征集通知
2026-04-26 00:23:25,110 [INFO] uploader.topic_uploader - ✅ 提交成功：凝固技术全国重点实验室2026年度开放课题征集通知
2026-04-26 00:23:25,111 [INFO] uploader.topic_uploader - 开始提交课题：磁共振波谱与成像全国重点实验室2026年度开放课题申报通知
2026-04-26 00:23:27,622 [INFO] uploader.topic_uploader - ✅ 提交成功：磁共振波谱与成像全国重点实验室2026年度开放课题申报通知
2026-04-26 00:23:27,625 [INFO] uploader.topic_uploader - 开始提交课题：装备智能运用教育部重点实验室2025年度开放基金指南发布及项目申请通知
2026-04-26 00:23:30,508 [INFO] uploader.topic_uploader - ✅ 提交成功：装备智能运用教育部重点实验室2025年度开放基金指南发布及项目申请通知
2026-04-26 00:23:30,509 [INFO] uploader.topic_uploader - 开始提交课题：生物医药功能材料融合创新孵化专项基金项目申报指南
2026-04-26 00:23:32,929 [INFO] uploader.topic_uploader - ✅ 提交成功：生物医药功能材料融合创新孵化专项基金项目申报指南
2026-04-26 00:23:32,930 [INFO] uploader.topic_uploader - 开始提交课题：国家海洋信息中心关于海洋智库2026年度（第一批）面向社会委托研究课题的公告
2026-04-26 00:23:35,471 [INFO] uploader.topic_uploader - ✅ 提交成功：国家海洋信息中心关于海洋智库2026年度（第一批）面向社会委托研究课题的公告
2026-04-26 00:23:35,472 [INFO] uploader.topic_uploader - 开始提交课题：2026年江南大学食品科学与资源挖掘全国重点实验室自主研究课题申报通知
2026-04-26 00:23:37,930 [INFO] uploader.topic_uploader - ✅ 提交成功：2026年江南大学食品科学与资源挖掘全国重点实验室自主研究课题申报通知
2026-04-26 00:23:37,931 [INFO] __main__ - 本轮完成：成功 10 条，失败 0 条
2026-04-26 00:23:37,931 [INFO] __main__ - 累计已处理课题：10 条
2026-04-26 00:23:38,370 [INFO] __main__ - 本轮任务结束
